<?xml version="1.0" encoding="UTF-8"?>
<testsuite xmlns:xsi="http://www.w3.org/2001/XMLSchema-instance" xsi:noNamespaceSchemaLocation="https://maven.apache.org/surefire/maven-surefire-plugin/xsd/surefire-test-report-3.0.xsd" version="3.0" name="firstbdd.TestRunner" time="48.226" tests="1" errors="0" skipped="0" failures="0">
  <properties>
[...]
</properties>
  <testcase name="register" classname="Create a test for register to https://demoqa.com/automation-practice-form" time="47.707">
    <system-out><![CDATA[
Scenario: register                               # src/test/resources/features/register.feature:3
https://demoqa.com/automation-practice-form
  Given I am on automation-practice-form web app # firstbdd.stepdefs.i_am_on_automation_practice_form_web_app()
  When I enter firstname                         # firstbdd.stepdefs.i_enter_firstname()
  And I enter lastname                           # firstbdd.stepdefs.i_enter_lastname()
  And I enter emailId                            # firstbdd.stepdefs.i_enter_email_id()
  And I select gender                            # firstbdd.stepdefs.i_select_gender()
  And I enter mobileno                           # firstbdd.stepdefs.i_enter_mobileno()
  And I enter dob                                # firstbdd.stepdefs.i_enter_dob()
  And I enter Subjects                           # firstbdd.stepdefs.i_enter_subjects()
  And I choose hobbies                           # firstbdd.stepdefs.i_choose_hobbies()
  And I upload a file                            # firstbdd.stepdefs.i_upload_a_file()
  And I enter address                            # firstbdd.stepdefs.i_enter_address()
  And I select state                             # firstbdd.stepdefs.i_select_state()
  And I select city                              # firstbdd.stepdefs.i_select_city()
  And I submit                                   # firstbdd.stepdefs.i_submit()
  Then Form should be submitted                  # firstbdd.stepdefs.form_should_be_submitted()
]]></system-out>
    <system-err><![CDATA[Starting ChromeDriver 91.0.4472.19 (1bf021f248676a0b2ab3ee0561d83a59e424c23e-refs/branch-heads/4472@{#288}) on port 33552
Only local connections are allowed.
Please see https://chromedriver.chromium.org/security-considerations for suggestions on keeping ChromeDriver safe.
ChromeDriver was started successfully.
Jun 06, 2021 9:27:50 PM org.openqa.selenium.remote.ProtocolHandshake createSession
INFO: Detected dialect: W3C
]]></system-err>
  </testcase>
</testsuite>